<?xml version="1.0" encoding="UTF-8"?>
<!-- Generated by org.testng.reporters.JUnitXMLReporter -->
<testsuite hostname="DESKTOP-UGCGD6S" ignored="0" name="Default test" tests="3" failures="0" timestamp="2020-09-08T21:19:20 EDT" time="23.503" errors="0">
  <testcase name="searchDress" time="1.61" classname="classwork.pom.testsuite.SampleAppSuite"/>
  <testcase name="inputButtons" time="0.099" classname="classwork.pom.testsuite.SampleAppSuite"/>
  <testcase name="signInClick" time="3.892" classname="classwork.pom.testsuite.SampleAppSuite"/>
</testsuite> <!-- Default test -->
